11:29:27,74 [DEFAULT   , INFO , MPI    2] PFASST++ version v0.5.0-rc1-145-g8bd568d-dirty
11:29:27,88 [LVL_COARSE, INFO , MPI    2] using as quadrature: Gauss-Radau (right) on [0.0, 1.0] with 3 nodes and an expected error of 0.00000e+00
11:29:27,89 [LVL_FINE  , INFO , MPI    2] using as quadrature: Gauss-Radau (right) on [0.0, 1.0] with 3 nodes and an expected error of 0.00000e+00
11:29:27,96 [PFASST    , INFO , MPI    2] 
11:29:27,97 [PFASST    , INFO , MPI    2] Time Step 3 of 4 (i.e. t0=0.1)
11:29:27,97 [PFASST    , INFO , MPI    2] 
11:29:27,97 [PFASST    , INFO , MPI    2] PFASST Prediction step
11:29:27,97 [PFASST    , INFO , MPI    2] Predicting on COARSE level
11:29:27,97 [LVL_COARSE, INFO , MPI    2] Predicting from t=0.10000 over 3 nodes to t=0.15000 (dt=0.05000)
11:29:27,27 [PFASST    , INFO , MPI    2] Sweeping on COARSE level
11:29:27,54 [LVL_COARSE, INFO , MPI    2] Sweeping from t=0.10000 over 3 nodes to t=0.15000 (dt=0.05000)
11:29:27,71 [PFASST    , INFO , MPI    2] Sweeping on COARSE level
11:29:27,98 [LVL_COARSE, INFO , MPI    2] Sweeping from t=0.10000 over 3 nodes to t=0.15000 (dt=0.05000)
11:29:27,11 [PFASST    , INFO , MPI    2] Sweeping on FINE level
11:29:27,15 [LVL_FINE  , INFO , MPI    2] Sweeping from t=0.10000 over 3 nodes to t=0.15000 (dt=0.05000)
11:29:28,25 [PFASST    , INFO , MPI    2] FINE sweeper has not yet converged and additional iterations to do.
11:29:28,30 [LVL_FINE  , INFO , MPI    2]   t[3]=0.15000      |abs residual| = 7.06290e-04      |rel residual| = 1.13531e-03
11:29:28,30 [PFASST    , INFO , MPI    2] 
11:29:28,30 [PFASST    , INFO , MPI    2] Iteration 1
11:29:28,47 [PFASST    , INFO , MPI    2] Sweeping on COARSE level
11:29:28,73 [LVL_COARSE, INFO , MPI    2] Sweeping from t=0.10000 over 3 nodes to t=0.15000 (dt=0.05000)
11:29:28,98 [PFASST    , INFO , MPI    2] Sweeping on FINE level
11:29:28,02 [LVL_FINE  , INFO , MPI    2] Sweeping from t=0.10000 over 3 nodes to t=0.15000 (dt=0.05000)
11:29:29,10 [PFASST    , INFO , MPI    2] FINE sweeper has not yet converged and additional iterations to do.
11:29:29,15 [LVL_FINE  , INFO , MPI    2]   t[3]=0.15000      |abs residual| = 2.60027e-05      |rel residual| = 4.25274e-05
11:29:29,15 [PFASST    , INFO , MPI    2] 
11:29:29,15 [PFASST    , INFO , MPI    2] Iteration 2
11:29:29,31 [PFASST    , INFO , MPI    2] Sweeping on COARSE level
11:29:29,57 [LVL_COARSE, INFO , MPI    2] Sweeping from t=0.10000 over 3 nodes to t=0.15000 (dt=0.05000)
11:29:29,82 [PFASST    , INFO , MPI    2] Sweeping on FINE level
11:29:29,86 [LVL_FINE  , INFO , MPI    2] Sweeping from t=0.10000 over 3 nodes to t=0.15000 (dt=0.05000)
11:29:29,94 [PFASST    , INFO , MPI    2] FINE sweeper has not yet converged and additional iterations to do.
11:29:29,99 [LVL_FINE  , INFO , MPI    2]   t[3]=0.15000      |abs residual| = 8.51161e-07      |rel residual| = 1.39104e-06
11:29:29,99 [PFASST    , INFO , MPI    2] 
11:29:29,99 [PFASST    , INFO , MPI    2] Iteration 3
11:29:30,15 [PFASST    , INFO , MPI    2] Sweeping on COARSE level
11:29:30,42 [LVL_COARSE, INFO , MPI    2] Sweeping from t=0.10000 over 3 nodes to t=0.15000 (dt=0.05000)
11:29:30,66 [PFASST    , INFO , MPI    2] Sweeping on FINE level
11:29:30,71 [LVL_FINE  , INFO , MPI    2] Sweeping from t=0.10000 over 3 nodes to t=0.15000 (dt=0.05000)
11:29:30,79 [PFASST    , INFO , MPI    2] FINE sweeper has not yet converged and additional iterations to do.
11:29:30,84 [LVL_FINE  , INFO , MPI    2]   t[3]=0.15000      |abs residual| = 9.42519e-09      |rel residual| = 1.54034e-08
11:29:30,85 [PFASST    , INFO , MPI    2] 
11:29:30,85 [PFASST    , INFO , MPI    2] Iteration 4
11:29:30,01 [PFASST    , INFO , MPI    2] Sweeping on COARSE level
11:29:30,27 [LVL_COARSE, INFO , MPI    2] Sweeping from t=0.10000 over 3 nodes to t=0.15000 (dt=0.05000)
11:29:30,51 [PFASST    , INFO , MPI    2] Sweeping on FINE level
11:29:31,56 [LVL_FINE  , INFO , MPI    2] Sweeping from t=0.10000 over 3 nodes to t=0.15000 (dt=0.05000)
11:29:31,96 [PFASST    , WARN , MPI    2] previous process has converged; this process not
11:29:31,22 [PFASST    , INFO , MPI    2] FINE sweeper has converged as well as previous process.
11:29:31,26 [LVL_FINE  , INFO , MPI    2]   t[3]=0.15000      |abs residual| = 4.58030e-11      |rel residual| = 7.48550e-11
11:29:31,26 [PFASST    , INFO , MPI    2] 
11:29:31,26 [PFASST    , INFO , MPI    2] Time Step done.
11:29:31,27 [PFASST    , INFO , MPI    2] Number Iterations: 4
11:29:31,27 [PFASST    , INFO , MPI    2] Absolute Residual: 5.25883e-11
11:29:31,27 [PFASST    , INFO , MPI    2] Relative Residual: 7.48550e-11
11:29:31,27 [PFASST    , WARN , MPI    2] Not advancing 4 time steps with dt=0.05 to t=0.3 as it will exceed T_end=0.2 by 0.1
11:29:31,27 [PFASST    , INFO , MPI    2] 
11:29:31,27 [PFASST    , INFO , MPI    2] Run Finished.
