11:29:27,75 [DEFAULT   , INFO , MPI    1] PFASST++ version v0.5.0-rc1-145-g8bd568d-dirty
11:29:27,89 [LVL_COARSE, INFO , MPI    1] using as quadrature: Gauss-Radau (right) on [0.0, 1.0] with 3 nodes and an expected error of 0.00000e+00
11:29:27,90 [LVL_FINE  , INFO , MPI    1] using as quadrature: Gauss-Radau (right) on [0.0, 1.0] with 3 nodes and an expected error of 0.00000e+00
11:29:27,97 [PFASST    , INFO , MPI    1] 
11:29:27,15 [PFASST    , INFO , MPI    1] Time Step 2 of 4 (i.e. t0=0.05)
11:29:27,15 [PFASST    , INFO , MPI    1] 
11:29:27,15 [PFASST    , INFO , MPI    1] PFASST Prediction step
11:29:27,15 [PFASST    , INFO , MPI    1] Predicting on COARSE level
11:29:27,15 [LVL_COARSE, INFO , MPI    1] Predicting from t=0.05000 over 3 nodes to t=0.10000 (dt=0.05000)
11:29:27,27 [PFASST    , INFO , MPI    1] Sweeping on COARSE level
11:29:27,54 [LVL_COARSE, INFO , MPI    1] Sweeping from t=0.05000 over 3 nodes to t=0.10000 (dt=0.05000)
11:29:27,68 [PFASST    , INFO , MPI    1] Sweeping on FINE level
11:29:27,73 [LVL_FINE  , INFO , MPI    1] Sweeping from t=0.05000 over 3 nodes to t=0.10000 (dt=0.05000)
11:29:28,98 [PFASST    , INFO , MPI    1] FINE sweeper has not yet converged and additional iterations to do.
11:29:28,03 [LVL_FINE  , INFO , MPI    1]   t[3]=0.10000      |abs residual| = 7.19050e-04      |rel residual| = 7.70921e-04
11:29:28,03 [PFASST    , INFO , MPI    1] 
11:29:28,03 [PFASST    , INFO , MPI    1] Iteration 1
11:29:28,04 [PFASST    , INFO , MPI    1] Sweeping on COARSE level
11:29:28,31 [LVL_COARSE, INFO , MPI    1] Sweeping from t=0.05000 over 3 nodes to t=0.10000 (dt=0.05000)
11:29:28,55 [PFASST    , INFO , MPI    1] Sweeping on FINE level
11:29:28,60 [LVL_FINE  , INFO , MPI    1] Sweeping from t=0.05000 over 3 nodes to t=0.10000 (dt=0.05000)
11:29:28,83 [PFASST    , INFO , MPI    1] FINE sweeper has not yet converged and additional iterations to do.
11:29:29,88 [LVL_FINE  , INFO , MPI    1]   t[3]=0.10000      |abs residual| = 5.59308e-05      |rel residual| = 6.15894e-05
11:29:29,88 [PFASST    , INFO , MPI    1] 
11:29:29,88 [PFASST    , INFO , MPI    1] Iteration 2
11:29:29,89 [PFASST    , INFO , MPI    1] Sweeping on COARSE level
11:29:29,15 [LVL_COARSE, INFO , MPI    1] Sweeping from t=0.05000 over 3 nodes to t=0.10000 (dt=0.05000)
11:29:29,39 [PFASST    , INFO , MPI    1] Sweeping on FINE level
11:29:29,44 [LVL_FINE  , INFO , MPI    1] Sweeping from t=0.05000 over 3 nodes to t=0.10000 (dt=0.05000)
11:29:29,68 [PFASST    , INFO , MPI    1] FINE sweeper has not yet converged and additional iterations to do.
11:29:29,72 [LVL_FINE  , INFO , MPI    1]   t[3]=0.10000      |abs residual| = 3.41739e-07      |rel residual| = 3.76330e-07
11:29:29,72 [PFASST    , INFO , MPI    1] 
11:29:29,72 [PFASST    , INFO , MPI    1] Iteration 3
11:29:29,73 [PFASST    , INFO , MPI    1] Sweeping on COARSE level
11:29:29,99 [LVL_COARSE, INFO , MPI    1] Sweeping from t=0.05000 over 3 nodes to t=0.10000 (dt=0.05000)
11:29:30,24 [PFASST    , INFO , MPI    1] Sweeping on FINE level
11:29:30,29 [LVL_FINE  , INFO , MPI    1] Sweeping from t=0.05000 over 3 nodes to t=0.10000 (dt=0.05000)
11:29:30,53 [PFASST    , INFO , MPI    1] FINE sweeper has not yet converged and additional iterations to do.
11:29:30,57 [LVL_FINE  , INFO , MPI    1]   t[3]=0.10000      |abs residual| = 8.48688e-10      |rel residual| = 9.34593e-10
11:29:30,57 [PFASST    , INFO , MPI    1] 
11:29:30,58 [PFASST    , INFO , MPI    1] Iteration 4
11:29:30,58 [PFASST    , INFO , MPI    1] Sweeping on COARSE level
11:29:30,84 [LVL_COARSE, INFO , MPI    1] Sweeping from t=0.05000 over 3 nodes to t=0.10000 (dt=0.05000)
11:29:30,09 [PFASST    , INFO , MPI    1] Sweeping on FINE level
11:29:31,14 [LVL_FINE  , INFO , MPI    1] Sweeping from t=0.05000 over 3 nodes to t=0.10000 (dt=0.05000)
11:29:31,69 [PFASST    , WARN , MPI    1] previous process has converged; this process not
11:29:31,95 [PFASST    , INFO , MPI    1] FINE sweeper has converged as well as previous process.
11:29:31,00 [LVL_FINE  , INFO , MPI    1]   t[3]=0.10000      |abs residual| = 4.57401e-12      |rel residual| = 5.03700e-12
11:29:31,00 [PFASST    , INFO , MPI    1] 
11:29:31,00 [PFASST    , INFO , MPI    1] Time Step done.
11:29:31,00 [PFASST    , INFO , MPI    1] Number Iterations: 4
11:29:31,00 [PFASST    , INFO , MPI    1] Absolute Residual: 4.57401e-12
11:29:31,00 [PFASST    , INFO , MPI    1] Relative Residual: 5.03700e-12
11:29:31,00 [PFASST    , WARN , MPI    1] Not advancing 4 time steps with dt=0.05 to t=0.25 as it will exceed T_end=0.2 by 0.05
11:29:31,01 [PFASST    , INFO , MPI    1] 
11:29:31,01 [PFASST    , INFO , MPI    1] Run Finished.
